<?xml version="1.0" encoding="UTF-8"?>
<!-- Generated by org.testng.reporters.JUnitReportReporter -->
<testsuite hostname="Shadmans-MacBook-Air.local" failures="0" tests="1" name="base.bookHotelTest" time="44.249" errors="0" timestamp="1 Apr 2022 07:19:46 GMT">
  <testcase classname="base.bookHotelTest" name="findHotel" time="44.249"/>
</testsuite> <!-- base.bookHotelTest -->
